<?xml version="1.0" encoding="utf-8"?><testsuites name="pytest tests"><testsuite name="pytest" errors="0" failures="2" skipped="0" tests="20" time="15.088" timestamp="2026-05-12T04:26:03.893156+00:00" hostname="agent-env-0a4bf365-2eae-43de-b265-4e17a28f28aa"><testcase classname="backend.tests.test_tiffinflow_p1.TestBruteForceLockout" name="test_lockout_after_five_failures_then_clears_on_success" time="3.058"><failure message="AssertionError: expected 429 lockout, got 200: {&quot;user&quot;:{&quot;id&quot;:&quot;68e5c70a-f07c-4fe6-b32d-ecf90a439f04&quot;,&quot;email&quot;:&quot;test_p1_cbe3e64a@example.com&quot;,&quot;full_name&quot;:&quot;P1 Test&quot;,&quot;phone&quot;:&quot;+919999999999&quot;,&quot;role&quot;:&quot;customer&quot;,&quot;address_summary&quot;:null,&quot;geo_lat&quot;:null,&quot;geo_lng&quot;:null,&quot;dietary_tags&quot;:[],&quot;wallet_balance&quot;:100.0,&quot;onboarded&quot;:false,&quot;created_at&quot;:&quot;2026-05-12T04:26:04.838598+00:00&quot;},&quot;access_token&quot;:&quot;eyJhbGciOiJIUzI1NiIsInR5cCI6IkpXVCJ9.eyJzdWIiOiI2OGU1YzcwYS1mMDdjLTRmZTYtYjMyZC1lY2Y5MGE0MzlmMDQiLCJlbWFpbCI6InRlc3RfcDFfY2JlM2U2NGFAZXhhbXBsZS5jb20iLCJyb2xlIjoiY3VzdG9tZXIiLCJleHAiOjE3Nzg2MDMxNjcsInR5cGUiOiJhY2Nlc3MifQ.q8SWvYcKnFGVBm73kiJpSrvT7rYaa2BfHM0kTT57_jk&quot;}&#10;assert 200 == 429&#10; +  where 200 = &lt;Response [200]&gt;.status_code">backend/tests/test_tiffinflow_p1.py:81: in test_lockout_after_five_failures_then_clears_on_success
    assert r6.status_code == 429, f"expected 429 lockout, got {r6.status_code}: {r6.text}"
E   AssertionError: expected 429 lockout, got 200: {"user":{"id":"68e5c70a-f07c-4fe6-b32d-ecf90a439f04","email":"test_p1_cbe3e64a@example.com","full_name":"P1 Test","phone":"+919999999999","role":"customer","address_summary":null,"geo_lat":null,"geo_lng":null,"dietary_tags":[],"wallet_balance":100.0,"onboarded":false,"created_at":"2026-05-12T04:26:04.838598+00:00"},"access_token":"eyJhbGciOiJIUzI1NiIsInR5cCI6IkpXVCJ9.eyJzdWIiOiI2OGU1YzcwYS1mMDdjLTRmZTYtYjMyZC1lY2Y5MGE0MzlmMDQiLCJlbWFpbCI6InRlc3RfcDFfY2JlM2U2NGFAZXhhbXBsZS5jb20iLCJyb2xlIjoiY3VzdG9tZXIiLCJleHAiOjE3Nzg2MDMxNjcsInR5cGUiOiJhY2Nlc3MifQ.q8SWvYcKnFGVBm73kiJpSrvT7rYaa2BfHM0kTT57_jk"}
E   assert 200 == 429
E    +  where 200 = &lt;Response [200]&gt;.status_code</failure></testcase><testcase classname="backend.tests.test_tiffinflow_p1.TestBruteForceLockout" name="test_successful_login_clears_attempts" time="3.743" /><testcase classname="backend.tests.test_tiffinflow_p1.TestPushVapid" name="test_vapid_public_key_returned" time="0.095" /><testcase classname="backend.tests.test_tiffinflow_p1.TestPushVapid" name="test_public_settings_returns_shape" time="0.104" /><testcase classname="backend.tests.test_tiffinflow_p1.TestPushVapid" name="test_push_subscribe_requires_auth" time="0.104" /><testcase classname="backend.tests.test_tiffinflow_p1.TestPushVapid" name="test_push_subscribe_stores_and_creates_notification" time="0.776" /><testcase classname="backend.tests.test_tiffinflow_p1.TestPushVapid" name="test_push_subscribe_invalid_400" time="0.104" /><testcase classname="backend.tests.test_tiffinflow_p1.TestNotifications" name="test_notifications_requires_auth" time="0.094" /><testcase classname="backend.tests.test_tiffinflow_p1.TestNotifications" name="test_list_mark_read_and_read_all" time="1.168" /><testcase classname="backend.tests.test_tiffinflow_p1.TestCodToggle" name="test_cod_disabled_blocks_orders_and_subscriptions" time="0.822"><failure message="AssertionError: Expected 400 when COD disabled for subscription, got 200: {&quot;status&quot;:&quot;active&quot;,&quot;subscription&quot;:{&quot;id&quot;:&quot;8bd4c6f8-72c5-493f-b7e6-b4fe85c1ea19&quot;,&quot;user_id&quot;:&quot;d06273cf-b91f-4ec7-a96d-e195fb1a9baa&quot;,&quot;plan_id&quot;:&quot;4b6fa482-cad3-4e0d-a8ce-2e7e65d3c8e7&quot;,&quot;plan_name&quot;:&quot;Weekly Plan&quot;,&quot;meals_left&quot;:7,&quot;total_meals&quot;:7,&quot;starts_at&quot;:&quot;2026-05-12&quot;,&quot;expires_at&quot;:&quot;2026-05-19&quot;,&quot;paused_dates&quot;:[],&quot;delivered_dates&quot;:[],&quot;status&quot;:&quot;active&quot;,&quot;payment_status&quot;:&quot;cod_pending&quot;,&quot;created_at&quot;:&quot;2026-05-12T04:26:14.059694+00:00&quot;},&quot;cod&quot;:true}&#10;assert 200 == 400&#10; +  where 200 = &lt;Response [200]&gt;.status_code">backend/tests/test_tiffinflow_p1.py:243: in test_cod_disabled_blocks_orders_and_subscriptions
    assert r_s.status_code == 400, (
E   AssertionError: Expected 400 when COD disabled for subscription, got 200: {"status":"active","subscription":{"id":"8bd4c6f8-72c5-493f-b7e6-b4fe85c1ea19","user_id":"d06273cf-b91f-4ec7-a96d-e195fb1a9baa","plan_id":"4b6fa482-cad3-4e0d-a8ce-2e7e65d3c8e7","plan_name":"Weekly Plan","meals_left":7,"total_meals":7,"starts_at":"2026-05-12","expires_at":"2026-05-19","paused_dates":[],"delivered_dates":[],"status":"active","payment_status":"cod_pending","created_at":"2026-05-12T04:26:14.059694+00:00"},"cod":true}
E   assert 200 == 400
E    +  where 200 = &lt;Response [200]&gt;.status_code</failure></testcase><testcase classname="backend.tests.test_tiffinflow_p1.TestAdminCRUD" name="test_admin_menu_list_and_upsert_delete" time="0.577" /><testcase classname="backend.tests.test_tiffinflow_p1.TestAdminCRUD" name="test_admin_plans_list_upsert_delete" time="0.543" /><testcase classname="backend.tests.test_tiffinflow_p1.TestAdminCRUD" name="test_admin_settings_get_and_put" time="0.374" /><testcase classname="backend.tests.test_tiffinflow_p1.TestRBAC" name="test_non_admin_blocked_on_admin_endpoints" time="0.815" /><testcase classname="backend.tests.test_tiffinflow_p1.TestRBAC" name="test_unauthenticated_blocked_on_admin" time="0.097" /><testcase classname="backend.tests.test_tiffinflow_p1.TestOrderTracking" name="test_track_returns_order_timeline_and_now" time="0.648" /><testcase classname="backend.tests.test_tiffinflow_p1.TestOrderTracking" name="test_track_forbidden_for_other_user" time="0.432" /><testcase classname="backend.tests.test_tiffinflow_p1.TestOrderTracking" name="test_track_allowed_for_admin_and_delivery" time="0.555" /><testcase classname="backend.tests.test_tiffinflow_p1.TestOrderTracking" name="test_track_404_for_missing_order" time="0.105" /><testcase classname="backend.tests.test_tiffinflow_p1.TestOrderTracking" name="test_track_timeline_updates_with_delivery_status" time="0.744" /></testsuite></testsuites>