<?xml version="1.0" encoding="utf-8"?><testsuites name="pytest tests"><testsuite name="pytest" errors="0" failures="0" skipped="0" tests="20" time="14.335" timestamp="2026-05-12T04:29:06.247018+00:00" hostname="agent-env-0a4bf365-2eae-43de-b265-4e17a28f28aa"><testcase classname="backend.tests.test_tiffinflow_p1.TestBruteForceLockout" name="test_lockout_after_five_failures_then_clears_on_success" time="2.542" /><testcase classname="backend.tests.test_tiffinflow_p1.TestBruteForceLockout" name="test_successful_login_clears_attempts" time="3.672" /><testcase classname="backend.tests.test_tiffinflow_p1.TestPushVapid" name="test_vapid_public_key_returned" time="0.097" /><testcase classname="backend.tests.test_tiffinflow_p1.TestPushVapid" name="test_public_settings_returns_shape" time="0.098" /><testcase classname="backend.tests.test_tiffinflow_p1.TestPushVapid" name="test_push_subscribe_requires_auth" time="0.099" /><testcase classname="backend.tests.test_tiffinflow_p1.TestPushVapid" name="test_push_subscribe_stores_and_creates_notification" time="0.731" /><testcase classname="backend.tests.test_tiffinflow_p1.TestPushVapid" name="test_push_subscribe_invalid_400" time="0.127" /><testcase classname="backend.tests.test_tiffinflow_p1.TestNotifications" name="test_notifications_requires_auth" time="0.092" /><testcase classname="backend.tests.test_tiffinflow_p1.TestNotifications" name="test_list_mark_read_and_read_all" time="1.114" /><testcase classname="backend.tests.test_tiffinflow_p1.TestCodToggle" name="test_cod_disabled_blocks_orders_and_subscriptions" time="1.064" /><testcase classname="backend.tests.test_tiffinflow_p1.TestAdminCRUD" name="test_admin_menu_list_and_upsert_delete" time="0.539" /><testcase classname="backend.tests.test_tiffinflow_p1.TestAdminCRUD" name="test_admin_plans_list_upsert_delete" time="0.527" /><testcase classname="backend.tests.test_tiffinflow_p1.TestAdminCRUD" name="test_admin_settings_get_and_put" time="0.288" /><testcase classname="backend.tests.test_tiffinflow_p1.TestRBAC" name="test_non_admin_blocked_on_admin_endpoints" time="0.806" /><testcase classname="backend.tests.test_tiffinflow_p1.TestRBAC" name="test_unauthenticated_blocked_on_admin" time="0.094" /><testcase classname="backend.tests.test_tiffinflow_p1.TestOrderTracking" name="test_track_returns_order_timeline_and_now" time="0.619" /><testcase classname="backend.tests.test_tiffinflow_p1.TestOrderTracking" name="test_track_forbidden_for_other_user" time="0.447" /><testcase classname="backend.tests.test_tiffinflow_p1.TestOrderTracking" name="test_track_allowed_for_admin_and_delivery" time="0.526" /><testcase classname="backend.tests.test_tiffinflow_p1.TestOrderTracking" name="test_track_404_for_missing_order" time="0.088" /><testcase classname="backend.tests.test_tiffinflow_p1.TestOrderTracking" name="test_track_timeline_updates_with_delivery_status" time="0.699" /></testsuite></testsuites>