<?xml version="1.0" encoding="utf-8"?><testsuites name="pytest tests"><testsuite name="pytest" errors="0" failures="0" skipped="0" tests="36" time="8.095" timestamp="2026-05-12T04:29:24.679094+00:00" hostname="agent-env-0a4bf365-2eae-43de-b265-4e17a28f28aa"><testcase classname="backend.tests.test_tiffinflow_backend.TestAuth" name="test_register_creates_user_with_welcome_credit" time="0.357" /><testcase classname="backend.tests.test_tiffinflow_backend.TestAuth" name="test_register_duplicate_email_400" time="0.103" /><testcase classname="backend.tests.test_tiffinflow_backend.TestAuth" name="test_login_admin_returns_admin_role" time="0.326" /><testcase classname="backend.tests.test_tiffinflow_backend.TestAuth" name="test_login_delivery_returns_delivery_role" time="0.316" /><testcase classname="backend.tests.test_tiffinflow_backend.TestAuth" name="test_login_invalid_password_401" time="0.326" /><testcase classname="backend.tests.test_tiffinflow_backend.TestAuth" name="test_me_requires_auth" time="0.128" /><testcase classname="backend.tests.test_tiffinflow_backend.TestAuth" name="test_me_returns_user_with_bearer" time="0.127" /><testcase classname="backend.tests.test_tiffinflow_backend.TestAuth" name="test_patch_profile_updates_and_sets_onboarded" time="0.096" /><testcase classname="backend.tests.test_tiffinflow_backend.TestMenu" name="test_week_menu_returns_7_days_from_monday" time="0.114" /><testcase classname="backend.tests.test_tiffinflow_backend.TestMenu" name="test_menu_today" time="0.099" /><testcase classname="backend.tests.test_tiffinflow_backend.TestMenu" name="test_menu_requires_auth" time="0.115" /><testcase classname="backend.tests.test_tiffinflow_backend.TestPlans" name="test_plans_seeded" time="0.092" /><testcase classname="backend.tests.test_tiffinflow_backend.TestSubscriptions" name="test_subscribe_wallet_trial_day" time="0.322" /><testcase classname="backend.tests.test_tiffinflow_backend.TestSubscriptions" name="test_subscribe_wallet_insufficient_400" time="0.210" /><testcase classname="backend.tests.test_tiffinflow_backend.TestSubscriptions" name="test_subscribe_cod_activates" time="0.210" /><testcase classname="backend.tests.test_tiffinflow_backend.TestSubscriptions" name="test_subscribe_stripe_returns_checkout_url" time="0.786" /><testcase classname="backend.tests.test_tiffinflow_backend.TestSubscriptions" name="test_subscribe_invalid_plan_404" time="0.094" /><testcase classname="backend.tests.test_tiffinflow_backend.TestSubscriptions" name="test_my_and_active_subs" time="0.197" /><testcase classname="backend.tests.test_tiffinflow_backend.TestSubscriptions" name="test_pause_then_resume" time="0.535" /><testcase classname="backend.tests.test_tiffinflow_backend.TestOrders" name="test_order_wallet_insufficient" time="0.102" /><testcase classname="backend.tests.test_tiffinflow_backend.TestOrders" name="test_order_cod_creates_with_otp" time="0.104" /><testcase classname="backend.tests.test_tiffinflow_backend.TestOrders" name="test_order_stripe_returns_checkout" time="0.475" /><testcase classname="backend.tests.test_tiffinflow_backend.TestOrders" name="test_orders_mine" time="0.126" /><testcase classname="backend.tests.test_tiffinflow_backend.TestWallet" name="test_balance" time="0.118" /><testcase classname="backend.tests.test_tiffinflow_backend.TestWallet" name="test_transactions_include_welcome" time="0.098" /><testcase classname="backend.tests.test_tiffinflow_backend.TestWallet" name="test_recharge_below_min_400" time="0.099" /><testcase classname="backend.tests.test_tiffinflow_backend.TestWallet" name="test_recharge_above_max_400" time="0.094" /><testcase classname="backend.tests.test_tiffinflow_backend.TestWallet" name="test_recharge_valid_returns_checkout" time="0.490" /><testcase classname="backend.tests.test_tiffinflow_backend.TestDelivery" name="test_delivery_update_forbidden_for_customer" time="0.095" /><testcase classname="backend.tests.test_tiffinflow_backend.TestDelivery" name="test_delivery_assigned_for_delivery_role" time="0.440" /><testcase classname="backend.tests.test_tiffinflow_backend.TestDelivery" name="test_delivery_status_transitions_and_cod_otp" time="0.400" /><testcase classname="backend.tests.test_tiffinflow_backend.TestAdmin" name="test_admin_stats_requires_admin" time="0.097" /><testcase classname="backend.tests.test_tiffinflow_backend.TestAdmin" name="test_admin_stats" time="0.430" /><testcase classname="backend.tests.test_tiffinflow_backend.TestAdmin" name="test_admin_users" time="0.101" /><testcase classname="backend.tests.test_tiffinflow_backend.TestAdmin" name="test_admin_orders" time="0.103" /><testcase classname="backend.tests.test_tiffinflow_backend.TestWebhook" name="test_webhook_endpoint_exists" time="0.098" /></testsuite></testsuites>